Detecting compiler hash for triplet x64-linux...
Compiler found: /usr/bin/c++
The following packages will be built and installed:
  * cgltf:x64-linux@1.15
  * dirent:x64-linux@1.26
  * drlibs:x64-linux@2026-01-16
  * glfw3:x64-linux@3.4#1
  * miniaudio:x64-linux@0.11.24
  * mmx:x64-linux@2025-03-19
  * nanosvg:x64-linux@2023-12-29
  * qoi:x64-linux@2023-08-10
    raylib[audio,core]:x64-linux@5.5#1
  * stb:x64-linux@2024-07-29#1
  * vcpkg-cmake:x64-linux@2024-04-23
  * vcpkg-cmake-config:x64-linux@2024-05-23
Additional packages (*) will be modified to complete this operation.
Restored 12 package(s) from /home/pyushroom/.cache/vcpkg/archives in 123 ms. Use --debug to see more details.
Installing 1/12 vcpkg-cmake-config:x64-linux@2024-05-23...
vcpkg-cmake-config:x64-linux@2024-05-23 package ABI: 63a3ca443fab9494f7145771496b8add2c2ce38249c0faef827f6a4202bf4457
Elapsed time to handle vcpkg-cmake-config:x64-linux: 1.52 ms
Installing 2/12 vcpkg-cmake:x64-linux@2024-04-23...
vcpkg-cmake:x64-linux@2024-04-23 package ABI: 8f2153eb6dcca270e064868ddd3737879fc1f23daa19d7e655e2344ecc321fd9
Elapsed time to handle vcpkg-cmake:x64-linux: 955 us
Installing 3/12 stb:x64-linux@2024-07-29#1...
stb:x64-linux@2024-07-29#1 package ABI: a3a2fc8b87645bd4476ad6f98f575fb1c95435b314bcddbf4d311d4acee158cd
Elapsed time to handle stb:x64-linux: 2.06 ms
Installing 4/12 qoi:x64-linux@2023-08-10...
qoi:x64-linux@2023-08-10 package ABI: 3615f45c9cd654af423285bdba4e4c004c1377e45171a9139075542fcd9e0f5e
Elapsed time to handle qoi:x64-linux: 5.3 ms
Installing 5/12 nanosvg:x64-linux@2023-12-29...
nanosvg:x64-linux@2023-12-29 package ABI: 19dd60d7f7739e86790c1e59aae37ec310352b557d8e26f1bf18bf7febec6bf8
Elapsed time to handle nanosvg:x64-linux: 2.68 ms
Installing 6/12 mmx:x64-linux@2025-03-19...
mmx:x64-linux@2025-03-19 package ABI: a8294d094b5c276b97dc156eddf91cd6a50c95b336462e2f5805b9969332726e
Elapsed time to handle mmx:x64-linux: 1.07 ms
Installing 7/12 glfw3:x64-linux@3.4#1...
glfw3:x64-linux@3.4#1 package ABI: aa2e3919fc51f2999e11d819d9d3cffab9733bcc878efa1973f63186c36dfe82
Elapsed time to handle glfw3:x64-linux: 1.89 ms
Installing 8/12 dirent:x64-linux@1.26...
dirent:x64-linux@1.26 package ABI: 2609507fdd83e483d7f104b8cffcb7482627639e6cd870349cc93c4bf63250f6
Elapsed time to handle dirent:x64-linux: 1.26 ms
Installing 9/12 cgltf:x64-linux@1.15...
cgltf:x64-linux@1.15 package ABI: 18731b188b514856159fdb4abb50dd3d2b0b73edae8d5de27bbae4c30dc9006b
Elapsed time to handle cgltf:x64-linux: 1.11 ms
Installing 10/12 miniaudio:x64-linux@0.11.24...
miniaudio:x64-linux@0.11.24 package ABI: 0e3e189d832787a6a7d46f844267230170715bdad08b3f349f32284873ca8391
Elapsed time to handle miniaudio:x64-linux: 1.04 ms
Installing 11/12 drlibs:x64-linux@2026-01-16...
drlibs:x64-linux@2026-01-16 package ABI: 1084fe7407bada83ebbd07f0eb5f26bff61d50f40068f64268c33e416a6237aa
Elapsed time to handle drlibs:x64-linux: 1.44 ms
Installing 12/12 raylib[audio,core]:x64-linux@5.5#1...
raylib[audio,core]:x64-linux@5.5#1 package ABI: 50fd3cb09234b9d628be9c3bc8934d1c3ea9f78504879ada43d1fa884fab6370
Elapsed time to handle raylib:x64-linux: 1.83 ms
Installed contents are licensed to you by owners. Microsoft is not responsible for, nor does it grant any licenses to, third-party packages.
Some packages did not declare an SPDX license. Check the `copyright` file for each package for more information about their licensing.
Packages installed in this vcpkg installation declare the following licenses:
(MIT OR CC-PDDC)
(Unlicense OR MIT-0)
MIT
Zlib
raylib provides CMake targets:

  # this is heuristically generated, and may not be correct
  find_package(raylib CONFIG REQUIRED)
  target_link_libraries(main PRIVATE raylib)

raylib provides pkg-config modules:

  # A simple and easy-to-use library to enjoy videogames programming
  raylib

All requested installations completed successfully in: 24.9 ms
